#
# A fatal error has been detected by the Java Runtime Environment:
#
#  SIGSEGV (0xb) at pc=0x00007f295a844476, pid=290134, tid=290135
#
# JRE version:  (11.0.15) (build )
# Java VM: OpenJDK 64-Bit Server VM (11.0.15+0-b2043.56-8887301, mixed mode, tiered, compressed oops, g1 gc, linux-amd64)
# Problematic frame:
# V  [libjvm.so+0x7f4476]  ClassFileParser::layout_fields(ConstantPool*, ClassFileParser::FieldAllocationCount const*, ClassFileParser::ClassAnnotationCollector const*, ClassFileParser::FieldLayoutInfo*, Thread*)+0x4e6
#
# Core dump will be written. Default location: Core dumps may be processed with "/usr/share/apport/apport -p%p -s%s -c%c -d%d -P%P -u%u -g%g -- %E" (or dumping to /home/djibril/StudioProjects/connexion/core.290134)
#
#

---------------  S U M M A R Y ------------

Command Line: 

Host: Intel(R) Core(TM) i7-3630QM CPU @ 2.40GHz, 8 cores, 7G, Ubuntu 22.04.2 LTS
Time: Wed Apr 26 15:44:31 2023 WAT elapsed time: 0.025238 seconds (0d 0h 0m 0s)

---------------  T H R E A D  ---------------

Current thread (0x00007f2954026800):  JavaThread "Unknown thread" [_thread_in_vm, id=290135, stack(0x00007f2959e69000,0x00007f2959f69000)]

Stack: [0x00007f2959e69000,0x00007f2959f69000],  sp=0x00007f2959f67170,  free space=1016k
Native frames: (J=compiled Java code, A=aot compiled Java code, j=interpreted, Vv=VM code, C=native code)
V  [libjvm.so+0x7f4476]  ClassFileParser::layout_fields(ConstantPool*, ClassFileParser::FieldAllocationCount const*, ClassFileParser::ClassAnnotationCollector const*, ClassFileParser::FieldLayoutInfo*, Thread*)+0x4e6
V  [libjvm.so+0x7f93be]  ClassFileParser::post_process_parsed_stream(ClassFileStream const*, ConstantPool*, Thread*)+0xbee
V  [libjvm.so+0xbd4226]  KlassFactory::create_from_stream(ClassFileStream*, Symbol*, ClassLoaderData*, Handle, InstanceKlass const*, GrowableArray<Handle>*, Thread*)+0xb6
V  [libjvm.so+0x7ff803]  ClassLoader::load_class(Symbol*, bool, Thread*)+0x1f3
V  [libjvm.so+0xe81b42]  SystemDictionary::load_instance_class(Symbol*, Handle, Thread*)+0x3c2
V  [libjvm.so+0xe809fd]  SystemDictionary::resolve_instance_class_or_null(Symbol*, Handle, Handle, Thread*)+0x76d
V  [libjvm.so+0xe8441e]  SystemDictionary::resolve_wk_klass(SystemDictionary::WKID, int, Thread*)+0x6e
V  [libjvm.so+0xe83e37]  SystemDictionary::resolve_well_known_classes(Thread*)+0x37
V  [libjvm.so+0xede0f7]  Universe::genesis(Thread*)+0xa7
V  [libjvm.so+0xedfe27]  universe2_init()+0x27
V  [libjvm.so+0x9fcc39]  init_globals()+0x89
V  [libjvm.so+0xeb816f]  Threads::create_vm(JavaVMInitArgs*, bool*)+0x3af
V  [libjvm.so+0xa8e537]  JNI_CreateJavaVM+0x57
C  [libjli.so+0x10a73]  JavaMain+0x123
C  [libjli.so+0x13c29]  ThreadJavaMain+0x9


siginfo: si_signo: 11 (SIGSEGV), si_code: 128 (SI_KERNEL), si_addr: 0x0000000000000000

Registers:
RAX=0x5f6e71e8d231de89, RBX=0x0000000000000004, RCX=0x00007f295402b020, RDX=0x0000000000000001
RSP=0x00007f2959f67170, RBP=0x00007f2959f67310, RSI=0x0000000000000004, RDI=0x0000000000000000
R8 =0x0000000000000000, R9 =0x00007f295402b010, R10=0x0000000000000000, R11=0x0000000000000000
R12=0x0000000000000000, R13=0x0000000000000000, R14=0x00007f2954026801, R15=0x000000000000000c
RIP=0x00007f295a844476, EFLAGS=0x0000000000010246, CSGSFS=0x002b000000000033, ERR=0x0000000000000000
  TRAPNO=0x000000000000000d

Top of Stack: (sp=0x00007f2959f67170)
0x00007f2959f67170:   ffffffffffffffe0 0000000000000004
0x00007f2959f67180:   00007f295402afd0 0000000000000000
0x00007f2959f67190:   0000000000000000 00007f295ad5bbdc
0x00007f2959f671a0:   0000000000000000 0000000000000000 

Instructions: (pc=0x00007f295a844476)
0x00007f295a844376:   c7 85 0c ff ff ff 00 00 00 00 4c 8b 75 c8 8b 55
0x00007f295a844386:   b8 8b 5d c0 41 0f b7 c5 89 85 38 ff ff ff 0f b7
0x00007f295a844396:   c3 89 45 d0 0f b7 c2 89 45 c0 4d 89 d7 44 03 bd
0x00007f295a8443a6:   04 ff ff ff 89 bd b4 fe ff ff 89 f8 44 29 c0 48
0x00007f295a8443b6:   89 45 b8 41 89 f5 41 29 cd 89 b5 b0 fe ff ff 89
0x00007f295a8443c6:   f0 48 8d 1c 85 04 00 00 00 45 31 e4 4c 89 f7 48
0x00007f295a8443d6:   89 de 31 d2 e8 71 6e 5f 00 48 89 85 18 ff ff ff
0x00007f295a8443e6:   4c 89 f7 48 89 de 31 d2 e8 5d 6e 5f 00 49 89 c1
0x00007f295a8443f6:   48 8d 05 03 dd 86 00 44 8a 30 48 8d 05 f1 dc 86
0x00007f295a844406:   00 8b 00 83 f8 02 ba 01 00 00 00 0f 46 d0 45 84
0x00007f295a844416:   f6 75 08 85 d2 0f 84 eb 00 00 00 48 8b 85 60 ff
0x00007f295a844426:   ff ff 48 8b 40 18 48 8b 78 08 48 85 ff 74 3a 4d
0x00007f295a844436:   89 cc 89 d3 ff 15 68 d5 86 00 89 da 4d 89 e1 48
0x00007f295a844446:   85 c0 74 25 83 fa 02 0f 84 22 11 00 00 83 fa 01
0x00007f295a844456:   8b 5d c0 0f 84 b9 11 00 00 85 d2 0f 85 c2 11 00
0x00007f295a844466:   00 45 89 f4 e9 9d 00 00 00 48 8b 05 60 ff ff ff
0x00007f295a844476:   48 8b 40 10 48 8d 0d cf e8 8e 00 48 3b 81 30 02
0x00007f295a844486:   00 00 74 7f 48 3b 41 20 74 79 48 3b 41 70 74 73
0x00007f295a844496:   48 3b 81 00 01 00 00 74 6a 48 3b 81 08 01 00 00
0x00007f295a8444a6:   74 61 48 3b 81 f0 04 00 00 74 58 48 3b 41 38 74
0x00007f295a8444b6:   52 48 3b 41 68 74 4c 48 3b 81 88 00 00 00 74 43
0x00007f295a8444c6:   48 3b 81 90 00 00 00 74 3a 48 3b 81 a8 00 00 00
0x00007f295a8444d6:   74 31 48 3b 81 b0 00 00 00 74 28 48 3b 81 b8 00
0x00007f295a8444e6:   00 00 74 1f 48 3b 81 c8 00 00 00 74 16 48 3b 81
0x00007f295a8444f6:   d8 00 00 00 74 0d 48 3b 81 e8 00 00 00 0f 85 41
0x00007f295a844506:   ff ff ff 45 31 e4 48 8d 05 b5 26 8b 00 8b 00 41
0x00007f295a844516:   0f af c5 44 01 f8 c7 45 b0 00 00 00 00 45 89 e6
0x00007f295a844526:   4c 89 bd 50 ff ff ff 41 89 c7 8b 5d c0 48 8b 8d
0x00007f295a844536:   48 ff ff ff 8b 95 38 ff ff ff 48 8b 85 d0 fe ff
0x00007f295a844546:   ff 44 8d 14 c8 8b 85 08 ff ff ff 41 89 c0 41 29
0x00007f295a844556:   d0 48 8b 8d c8 fe ff ff 2b 4d d0 4c 8b a5 c0 fe
0x00007f295a844566:   ff ff 41 29 dc 31 ff 83 7d b8 00 4c 89 8d f0 fe 



---------------  P R O C E S S  ---------------

Threads class SMR info:
_java_thread_list=0x00000000009600e0, length=0, elements={
}

Java Threads: ( => current thread )

Other Threads:
  0x00007f2954040000 GCTaskThread "GC Thread#0" [stack: 0x00007f2959b0d000,0x00007f2959c0d000] [id=290136]
  0x00007f2954071800 ConcurrentGCThread "G1 Main Marker" [stack: 0x00007f2958608000,0x00007f2958708000] [id=290137]
  0x00007f2954073000 ConcurrentGCThread "G1 Conc#0" [stack: 0x00007f2958506000,0x00007f2958606000] [id=290138]
  0x00007f29540fc000 ConcurrentGCThread "G1 Refine#0" [stack: 0x00007f2940fee000,0x00007f29410ee000] [id=290139]
  0x00007f29540fe000 ConcurrentGCThread "G1 Young RemSet Sampling" [stack: 0x00007f2940eec000,0x00007f2940fec000] [id=290140]

=>0x00007f2954026800 (exited) JavaThread "Unknown thread" [_thread_in_vm, id=290135, stack(0x00007f2959e69000,0x00007f2959f69000)]

Threads with active compile tasks:

VM state:not at safepoint (not fully initialized)

VM Mutex/Monitor currently owned by a thread: None

Heap address: 0x0000000085800000, size: 1960 MB, Compressed Oops mode: 32-bit
Narrow klass base: 0x0000000000000000, Narrow klass shift: 3
Compressed class space size: 1073741824 Address: 0x0000000100000000

GC Heap History (0 events):
No events

Deoptimization events (0 events):
No events

Classes redefined (0 events):
No events

Internal exceptions (0 events):
No events

Events (3 events):
Event: 0.001 Protecting memory [0x00007f2959e69000,0x00007f2959e6d000] with protection modes 0
Event: 0.001 Loaded shared library /home/djibril/android/android-studio/jbr/lib/libzip.so
Event: 0.023 loading class java/lang/Object


Dynamic libraries:
00200000-00201000 r--p 00000000 08:08 4491397                            /home/djibril/android/android-studio/jbr/bin/java
00201000-00202000 r-xp 00000000 08:08 4491397                            /home/djibril/android/android-studio/jbr/bin/java
00202000-00203000 r--p 00000000 08:08 4491397                            /home/djibril/android/android-studio/jbr/bin/java
00203000-00204000 rw-p 00000000 08:08 4491397                            /home/djibril/android/android-studio/jbr/bin/java
0095c000-0097d000 rw-p 00000000 00:00 0                                  [heap]
85800000-8d400000 rw-p 00000000 00:00 0 
8d400000-100000000 ---p 00000000 00:00 0 
100000000-100060000 rw-p 00000000 00:00 0 
100060000-140000000 ---p 00000000 00:00 0 
7f2920000000-7f2920021000 rw-p 00000000 00:00 0 
7f2920021000-7f2924000000 ---p 00000000 00:00 0 
7f2928000000-7f2928021000 rw-p 00000000 00:00 0 
7f2928021000-7f292c000000 ---p 00000000 00:00 0 
7f292c000000-7f292c021000 rw-p 00000000 00:00 0 
7f292c021000-7f2930000000 ---p 00000000 00:00 0 
7f2932000000-7f2934000000 rw-p 00000000 00:00 0 
7f2934000000-7f2934021000 rw-p 00000000 00:00 0 
7f2934021000-7f2938000000 ---p 00000000 00:00 0 
7f29382c0000-7f29384b0000 rw-p 00000000 00:00 0 
7f29384b0000-7f293a160000 ---p 00000000 00:00 0 
7f293a160000-7f293a350000 rw-p 00000000 00:00 0 
7f293a350000-7f293c000000 ---p 00000000 00:00 0 
7f293c000000-7f293c021000 rw-p 00000000 00:00 0 
7f293c021000-7f2940000000 ---p 00000000 00:00 0 
7f29402e0000-7f2940aea000 rw-p 00000000 00:00 0 
7f2940aea000-7f2940eea000 ---p 00000000 00:00 0 
7f2940eea000-7f2940eeb000 ---p 00000000 00:00 0 
7f2940eeb000-7f2940fec000 rw-p 00000000 00:00 0 
7f2940fec000-7f2940fed000 ---p 00000000 00:00 0 
7f2940fed000-7f29414f2000 rw-p 00000000 00:00 0 
7f29414f2000-7f2941762000 rwxp 00000000 00:00 0 
7f2941762000-7f2941a83000 ---p 00000000 00:00 0 
7f2941a83000-7f2941cf3000 rwxp 00000000 00:00 0 
7f2941cf3000-7f2948fba000 ---p 00000000 00:00 0 
7f2948fba000-7f294922a000 rwxp 00000000 00:00 0 
7f294922a000-7f29504f2000 ---p 00000000 00:00 0 
7f29504f2000-7f2954000000 r--s 00000000 08:08 4490337                    /home/djibril/android/android-studio/jbr/lib/modules
7f2954000000-7f295412c000 rw-p 00000000 00:00 0 
7f295412c000-7f2958000000 ---p 00000000 00:00 0 
7f295803b000-7f2958504000 rw-p 00000000 00:00 0 
7f2958504000-7f2958505000 ---p 00000000 00:00 0 
7f2958505000-7f2958606000 rw-p 00000000 00:00 0 
7f2958606000-7f2958607000 ---p 00000000 00:00 0 
7f2958607000-7f29587c5000 rw-p 00000000 00:00 0 
7f29587c5000-7f2958b5b000 ---p 00000000 00:00 0 
7f2958b5b000-7f2958b99000 rw-p 00000000 00:00 0 
7f2958b99000-7f2958f2f000 ---p 00000000 00:00 0 
7f2958f2f000-7f2958f6d000 rw-p 00000000 00:00 0 
7f2958f6d000-7f2959303000 ---p 00000000 00:00 0 
7f2959303000-7f2959b0b000 rw-p 00000000 00:00 0 
7f2959b0b000-7f2959b0c000 ---p 00000000 00:00 0 
7f2959b0c000-7f2959c12000 rw-p 00000000 00:00 0 
7f2959c12000-7f2959cf8000 ---p 00000000 00:00 0 
7f2959cf8000-7f2959cfd000 rw-p 00000000 00:00 0 
7f2959cfd000-7f2959de3000 ---p 00000000 00:00 0 
7f2959de3000-7f2959de8000 rw-p 00000000 00:00 0 
7f2959de8000-7f2959def000 ---p 00000000 00:00 0 
7f2959def000-7f2959df8000 r--p 00000000 08:08 4490811                    /home/djibril/android/android-studio/jbr/lib/libzip.so
7f2959df8000-7f2959e0c000 r-xp 00008000 08:08 4490811                    /home/djibril/android/android-studio/jbr/lib/libzip.so
7f2959e0c000-7f2959e0d000 r--p 0001b000 08:08 4490811                    /home/djibril/android/android-studio/jbr/lib/libzip.so
7f2959e0d000-7f2959e0f000 rw-p 0001b000 08:08 4490811                    /home/djibril/android/android-studio/jbr/lib/libzip.so
7f2959e0f000-7f2959e17000 rw-s 00000000 08:08 3932345                    /tmp/hsperfdata_djibril/290134
7f2959e17000-7f2959e22000 r--p 00000000 08:08 4490355                    /home/djibril/android/android-studio/jbr/lib/libjimage.so
7f2959e22000-7f2959e37000 r-xp 0000a000 08:08 4490355                    /home/djibril/android/android-studio/jbr/lib/libjimage.so
7f2959e37000-7f2959e39000 r--p 0001e000 08:08 4490355                    /home/djibril/android/android-studio/jbr/lib/libjimage.so
7f2959e39000-7f2959e3a000 rw-p 0001f000 08:08 4490355                    /home/djibril/android/android-studio/jbr/lib/libjimage.so
7f2959e3a000-7f2959e4c000 r--p 00000000 08:08 4490812                    /home/djibril/android/android-studio/jbr/lib/libjava.so
7f2959e4c000-7f2959e61000 r-xp 00011000 08:08 4490812                    /home/djibril/android/android-studio/jbr/lib/libjava.so
7f2959e61000-7f2959e62000 r--p 00025000 08:08 4490812                    /home/djibril/android/android-studio/jbr/lib/libjava.so
7f2959e62000-7f2959e64000 rw-p 00025000 08:08 4490812                    /home/djibril/android/android-studio/jbr/lib/libjava.so
7f2959e64000-7f2959e65000 r--p 00000000 08:08 4989496                    /usr/lib/x86_64-linux-gnu/librt.so.1
7f2959e65000-7f2959e66000 r-xp 00001000 08:08 4989496                    /usr/lib/x86_64-linux-gnu/librt.so.1
7f2959e66000-7f2959e67000 r--p 00002000 08:08 4989496                    /usr/lib/x86_64-linux-gnu/librt.so.1
7f2959e67000-7f2959e68000 r--p 00002000 08:08 4989496                    /usr/lib/x86_64-linux-gnu/librt.so.1
7f2959e68000-7f2959e69000 rw-p 00003000 08:08 4989496                    /usr/lib/x86_64-linux-gnu/librt.so.1
7f2959e69000-7f2959e6d000 ---p 00000000 00:00 0 
7f2959e6d000-7f2959f69000 rw-p 00000000 00:00 0 
7f2959f69000-7f2959f77000 r--p 00000000 08:08 4989138                    /usr/lib/x86_64-linux-gnu/libm.so.6
7f2959f77000-7f2959ff3000 r-xp 0000e000 08:08 4989138                    /usr/lib/x86_64-linux-gnu/libm.so.6
7f2959ff3000-7f295a04e000 r--p 0008a000 08:08 4989138                    /usr/lib/x86_64-linux-gnu/libm.so.6
7f295a04e000-7f295a04f000 r--p 000e4000 08:08 4989138                    /usr/lib/x86_64-linux-gnu/libm.so.6
7f295a04f000-7f295a050000 rw-p 000e5000 08:08 4989138                    /usr/lib/x86_64-linux-gnu/libm.so.6
7f295a050000-7f295a56c000 r--p 00000000 08:08 4490365                    /home/djibril/android/android-studio/jbr/lib/server/libjvm.so
7f295a56c000-7f295afe5000 r-xp 0051b000 08:08 4490365                    /home/djibril/android/android-studio/jbr/lib/server/libjvm.so
7f295afe5000-7f295b0ad000 r--p 00f93000 08:08 4490365                    /home/djibril/android/android-studio/jbr/lib/server/libjvm.so
7f295b0ad000-7f295b0e4000 rw-p 0105a000 08:08 4490365                    /home/djibril/android/android-studio/jbr/lib/server/libjvm.so
7f295b0e4000-7f295b13d000 rw-p 00000000 00:00 0 
7f295b13d000-7f295b165000 r--p 00000000 08:08 4988423                    /usr/lib/x86_64-linux-gnu/libc.so.6
7f295b165000-7f295b2fa000 r-xp 00028000 08:08 4988423                    /usr/lib/x86_64-linux-gnu/libc.so.6
7f295b2fa000-7f295b352000 r--p 001bd000 08:08 4988423                    /usr/lib/x86_64-linux-gnu/libc.so.6
7f295b352000-7f295b356000 r--p 00214000 08:08 4988423                    /usr/lib/x86_64-linux-gnu/libc.so.6
7f295b356000-7f295b358000 rw-p 00218000 08:08 4988423                    /usr/lib/x86_64-linux-gnu/libc.so.6
7f295b358000-7f295b365000 rw-p 00000000 00:00 0 
7f295b365000-7f295b366000 r--p 00000000 08:08 4988578                    /usr/lib/x86_64-linux-gnu/libdl.so.2
7f295b366000-7f295b367000 r-xp 00001000 08:08 4988578                    /usr/lib/x86_64-linux-gnu/libdl.so.2
7f295b367000-7f295b368000 r--p 00002000 08:08 4988578                    /usr/lib/x86_64-linux-gnu/libdl.so.2
7f295b368000-7f295b369000 r--p 00002000 08:08 4988578                    /usr/lib/x86_64-linux-gnu/libdl.so.2
7f295b369000-7f295b36a000 rw-p 00003000 08:08 4988578                    /usr/lib/x86_64-linux-gnu/libdl.so.2
7f295b36a000-7f295b372000 r--p 00000000 08:08 4490348                    /home/djibril/android/android-studio/jbr/lib/jli/libjli.so
7f295b372000-7f295b381000 r-xp 00007000 08:08 4490348                    /home/djibril/android/android-studio/jbr/lib/jli/libjli.so
7f295b381000-7f295b382000 r--p 00015000 08:08 4490348                    /home/djibril/android/android-studio/jbr/lib/jli/libjli.so
7f295b382000-7f295b384000 rw-p 00015000 08:08 4490348                    /home/djibril/android/android-studio/jbr/lib/jli/libjli.so
7f295b384000-7f295b385000 r--p 00000000 08:08 4989438                    /usr/lib/x86_64-linux-gnu/libpthread.so.0
7f295b385000-7f295b386000 r-xp 00001000 08:08 4989438                    /usr/lib/x86_64-linux-gnu/libpthread.so.0
7f295b386000-7f295b387000 r--p 00002000 08:08 4989438                    /usr/lib/x86_64-linux-gnu/libpthread.so.0
7f295b387000-7f295b388000 r--p 00002000 08:08 4989438                    /usr/lib/x86_64-linux-gnu/libpthread.so.0
7f295b388000-7f295b389000 rw-p 00003000 08:08 4989438                    /usr/lib/x86_64-linux-gnu/libpthread.so.0
7f295b389000-7f295b38a000 ---p 00000000 00:00 0 
7f295b38a000-7f295b38b000 r--p 00000000 00:00 0 
7f295b38b000-7f295b391000 r--p 00000000 08:08 4490809                    /home/djibril/android/android-studio/jbr/lib/libverify.so
7f295b391000-7f295b39a000 r-xp 00005000 08:08 4490809                    /home/djibril/android/android-studio/jbr/lib/libverify.so
7f295b39a000-7f295b39c000 r--p 0000d000 08:08 4490809                    /home/djibril/android/android-studio/jbr/lib/libverify.so
7f295b39c000-7f295b39d000 rw-p 0000e000 08:08 4490809                    /home/djibril/android/android-studio/jbr/lib/libverify.so
7f295b39d000-7f295b39f000 rw-p 00000000 00:00 0 
7f295b39f000-7f295b3a1000 r--p 00000000 08:08 4988037                    /usr/lib/x86_64-linux-gnu/ld-linux-x86-64.so.2
7f295b3a1000-7f295b3cb000 r-xp 00002000 08:08 4988037                    /usr/lib/x86_64-linux-gnu/ld-linux-x86-64.so.2
7f295b3cb000-7f295b3d6000 r--p 0002c000 08:08 4988037                    /usr/lib/x86_64-linux-gnu/ld-linux-x86-64.so.2
7f295b3d7000-7f295b3d9000 r--p 00037000 08:08 4988037                    /usr/lib/x86_64-linux-gnu/ld-linux-x86-64.so.2
7f295b3d9000-7f295b3db000 rw-p 00039000 08:08 4988037                    /usr/lib/x86_64-linux-gnu/ld-linux-x86-64.so.2
7ffeecc6b000-7ffeecc8d000 rw-p 00000000 00:00 0                          [stack]
7ffeecd08000-7ffeecd0c000 r--p 00000000 00:00 0                          [vvar]
7ffeecd0c000-7ffeecd0e000 r-xp 00000000 00:00 0                          [vdso]
ffffffffff600000-ffffffffff601000 --xp 00000000 00:00 0                  [vsyscall]


VM Arguments:
java_command: <unknown>
java_class_path (initial): <not set>
Launcher Type: SUN_STANDARD

[Global flags]
     intx CICompilerCount                          = 4                                         {product} {ergonomic}
     uint ConcGCThreads                            = 2                                         {product} {ergonomic}
     uint G1ConcRefinementThreads                  = 8                                         {product} {ergonomic}
   size_t G1HeapRegionSize                         = 1048576                                   {product} {ergonomic}
    uintx GCDrainStackTargetSize                   = 64                                        {product} {ergonomic}
   size_t InitialHeapSize                          = 130023424                                 {product} {ergonomic}
   size_t MarkStackSize                            = 4194304                                   {product} {ergonomic}
   size_t MaxHeapSize                              = 2055208960                                {product} {ergonomic}
   size_t MaxNewSize                               = 1233125376                                {product} {ergonomic}
   size_t MinHeapDeltaBytes                        = 1048576                                   {product} {ergonomic}
    uintx NonNMethodCodeHeapSize                   = 5836300                                {pd product} {ergonomic}
    uintx NonProfiledCodeHeapSize                  = 122910970                              {pd product} {ergonomic}
    uintx ProfiledCodeHeapSize                     = 122910970                              {pd product} {ergonomic}
    uintx ReservedCodeCacheSize                    = 251658240                              {pd product} {ergonomic}
     bool SegmentedCodeCache                       = true                                      {product} {ergonomic}
     bool UseCompressedClassPointers               = true                                 {lp64_product} {ergonomic}
     bool UseCompressedOops                        = true                                 {lp64_product} {ergonomic}
     bool UseG1GC                                  = true                                      {product} {ergonomic}

Logging:
Log output configuration:
 #0: stdout all=warning uptime,level,tags
 #1: stderr all=off uptime,level,tags

Environment Variables:
PATH=/home/djibril/android/flutter/bin/:/usr/local/sbin:/usr/local/bin:/usr/sbin:/usr/bin:/sbin:/bin:/usr/games:/usr/local/games:/snap/bin:/usr/lib/dart/bin:~/android/flutter/bin:/usr/lib/dart/bin:~/android/flutter/bin:/usr/lib/dart/bin
SHELL=/bin/bash
DISPLAY=:0
LANG=fr_FR.UTF-8

Signal Handlers:
SIGSEGV: [libjvm.so+0xf183e0], sa_mask[0]=11111111011111111101111111111110, sa_flags=SA_RESTART|SA_SIGINFO
SIGBUS: [libjvm.so+0xf183e0], sa_mask[0]=11111111011111111101111111111110, sa_flags=SA_RESTART|SA_SIGINFO
SIGFPE: [libjvm.so+0xf183e0], sa_mask[0]=11111111011111111101111111111110, sa_flags=SA_RESTART|SA_SIGINFO
SIGPIPE: [libjvm.so+0xd663e0], sa_mask[0]=11111111011111111101111111111110, sa_flags=SA_RESTART|SA_SIGINFO
SIGXFSZ: [libjvm.so+0xd663e0], sa_mask[0]=11111111011111111101111111111110, sa_flags=SA_RESTART|SA_SIGINFO
SIGILL: [libjvm.so+0xf183e0], sa_mask[0]=11111111011111111101111111111110, sa_flags=SA_RESTART|SA_SIGINFO
SIGUSR2: [libjvm.so+0xd66ac0], sa_mask[0]=00000000000000000000010000000000, sa_flags=SA_RESTART|SA_SIGINFO
SIGHUP: SIG_DFL, sa_mask[0]=00000000000000000000000000000000, sa_flags=none
SIGINT: SIG_DFL, sa_mask[0]=00000000000000000000000000000000, sa_flags=none
SIGTERM: SIG_DFL, sa_mask[0]=00000000000000000000000000000000, sa_flags=none
SIGQUIT: SIG_DFL, sa_mask[0]=00000000000000000000000000000000, sa_flags=none


---------------  S Y S T E M  ---------------

OS:DISTRIB_ID=Ubuntu
DISTRIB_RELEASE=22.04
DISTRIB_CODENAME=jammy
DISTRIB_DESCRIPTION="Ubuntu 22.04.2 LTS"
uname:Linux 5.15.0-69-generic #76-Ubuntu SMP Fri Mar 17 17:19:29 UTC 2023 x86_64
OS uptime: 9 days 2:45 hours
libc:glibc 2.35 NPTL 2.35 
rlimit (soft/hard): STACK 8192k/infinity , CORE 0k/infinity , NPROC 31025/31025 , NOFILE 1048576/1048576 , AS infinity/infinity , CPU infinity/infinity , DATA infinity/infinity , FSIZE infinity/infinity , MEMLOCK 1002584k/1002584k
load average:0.84 0.93 0.93

/proc/meminfo:
MemTotal:        8020684 kB
MemFree:         1249968 kB
MemAvailable:    3053728 kB
Buffers:           73792 kB
Cached:          2499036 kB
SwapCached:       119452 kB
Active:          1677016 kB
Inactive:        4197812 kB
Active(anon):     255844 kB
Inactive(anon):  3796748 kB
Active(file):    1421172 kB
Inactive(file):   401064 kB
Unevictable:      200516 kB
Mlocked:              96 kB
SwapTotal:      15999996 kB
SwapFree:       14914088 kB
Dirty:               356 kB
Writeback:            12 kB
AnonPages:       3461548 kB
Mapped:          1254000 kB
Shmem:            753612 kB
KReclaimable:     291800 kB
Slab:             463272 kB
SReclaimable:     291800 kB
SUnreclaim:       171472 kB
KernelStack:       21044 kB
PageTables:        55096 kB
NFS_Unstable:          0 kB
Bounce:                0 kB
WritebackTmp:          0 kB
CommitLimit:    20010336 kB
Committed_AS:   14635476 kB
VmallocTotal:   34359738367 kB
VmallocUsed:       69616 kB
VmallocChunk:          0 kB
Percpu:             7936 kB
HardwareCorrupted:     0 kB
AnonHugePages:         0 kB
ShmemHugePages:        0 kB
ShmemPmdMapped:        0 kB
FileHugePages:         0 kB
FilePmdMapped:         0 kB
HugePages_Total:       0
HugePages_Free:        0
HugePages_Rsvd:        0
HugePages_Surp:        0
Hugepagesize:       2048 kB
Hugetlb:               0 kB
DirectMap4k:     2331332 kB
DirectMap2M:     5939200 kB

/sys/kernel/mm/transparent_hugepage/enabled:
always [madvise] never
/sys/kernel/mm/transparent_hugepage/defrag (defrag/compaction efforts parameter):
always defer defer+madvise [madvise] never

Process Memory:
Virtual Size: 3922224K (peak: 3922224K)
Resident Set Size: 21728K (peak: 21728K) (anon: 8036K, file: 13692K, shmem: 0K)
Swapped out: 0K
C-Heap outstanding allocations: 1304K

/proc/sys/kernel/threads-max (system-wide limit on the number of threads):
62051
/proc/sys/vm/max_map_count (maximum number of memory map areas a process may have):
65530
/proc/sys/kernel/pid_max (system-wide limit on number of process identifiers):
4194304

Steal ticks since vm start: 0
Steal ticks percentage since vm start:  0.000

CPU:total 8 (initial active 8) (4 cores per cpu, 2 threads per core) family 6 model 58 stepping 9 microcode 0x21, cmov, cx8, fxsr, mmx, sse, sse2, sse3, ssse3, sse4.1, sse4.2, popcnt, avx, aes, clmul, erms, ht, tsc, tscinvbit, tscinv
CPU Model and flags from /proc/cpuinfo:
model name	: Intel(R) Core(TM) i7-3630QM CPU @ 2.40GHz
flags		: fpu vme de pse tsc msr pae mce cx8 apic sep mtrr pge mca cmov pat pse36 clflush dts acpi mmx fxsr sse sse2 ss ht tm pbe syscall nx rdtscp lm constant_tsc arch_perfmon pebs bts rep_good nopl xtopology nonstop_tsc cpuid aperfmperf pni pclmulqdq dtes64 monitor ds_cpl vmx est tm2 ssse3 cx16 xtpr pdcm pcid sse4_1 sse4_2 x2apic popcnt tsc_deadline_timer aes xsave avx f16c rdrand lahf_lm cpuid_fault epb pti ssbd ibrs ibpb stibp tpr_shadow vnmi flexpriority ept vpid fsgsbase smep erms xsaveopt dtherm ida arat pln pts md_clear flush_l1d
Online cpus:
0-7
Offline cpus:

BIOS frequency limitation:
<Not Available>
Frequency switch latency (ns):
20000
Available cpu frequencies:
<Not Available>
Current governor:
schedutil
Core performance/turbo boost:
<Not Available>

Memory: 4k page, physical 8020684k(1249464k free), swap 15999996k(14914088k free)

vm_info: OpenJDK 64-Bit Server VM (11.0.15+0-b2043.56-8887301) for linux-amd64 JRE (11.0.15+0-b2043.56-8887301), built on Jul 29 2022 22:12:21 by "androidbuild" with gcc Android (7284624, based on r416183b) Clang 12.0.5 (https://android.googlesource.com/toolchain/llvm-project c935d99d7cf2016289302412d708641d52d2f7ee)

END.
